2025-09-11 21:14:09,925 - __main__ - INFO - 🚀 Demo NextGen Trading Bot alustettu
2025-09-11 21:14:09,925 - __main__ - INFO - 🔄 Aloitetaan demo analyysi sykli...
2025-09-11 21:14:09,925 - __main__ - INFO - 🔍 Skannataan mock tokeneita...
2025-09-11 21:14:09,925 - __main__ - INFO - ✅ Löydettiin 5 mock tokenia
2025-09-11 21:14:09,927 - __main__ - ERROR - Virhe tokenin analyysissä: setting an array element with a sequence. The requested array has an inhomogeneous shape after 1 dimensions. The detected shape was (4,) + inhomogeneous part.
2025-09-11 21:14:09,927 - __main__ - ERROR - Virhe tokenin analyysissä: setting an array element with a sequence. The requested array has an inhomogeneous shape after 1 dimensions. The detected shape was (4,) + inhomogeneous part.
2025-09-11 21:14:09,927 - __main__ - ERROR - Virhe tokenin analyysissä: setting an array element with a sequence. The requested array has an inhomogeneous shape after 1 dimensions. The detected shape was (4,) + inhomogeneous part.
2025-09-11 21:14:09,927 - __main__ - ERROR - Virhe tokenin analyysissä: setting an array element with a sequence. The requested array has an inhomogeneous shape after 1 dimensions. The detected shape was (4,) + inhomogeneous part.
2025-09-11 21:14:09,927 - __main__ - ERROR - Virhe tokenin analyysissä: setting an array element with a sequence. The requested array has an inhomogeneous shape after 1 dimensions. The detected shape was (4,) + inhomogeneous part.
2025-09-11 21:14:09,927 - __main__ - INFO - ✅ Avattu position PUMP: 109105.691057 @ $0.000123
2025-09-11 21:14:09,927 - __main__ - INFO - ✅ Avattu BUY position PUMP: $13.42 @ $0.000123
2025-09-11 21:14:09,927 - __main__ - INFO - ✅ Avattu position ROCKET: 93121.693122 @ $0.000567
2025-09-11 21:14:09,927 - __main__ - INFO - ✅ Avattu BUY position ROCKET: $52.80 @ $0.000567
2025-09-11 21:14:09,927 - __main__ - INFO - ✅ Avattu position MOON: 64100.486224 @ $0.001234
2025-09-11 21:14:09,927 - __main__ - INFO - ✅ Avattu BUY position MOON: $79.10 @ $0.001234
2025-09-11 21:14:09,927 - __main__ - INFO - 📊 Tilastot: 3 kauppaa, 100.0% onnistunut
2025-09-11 21:14:09,927 - __main__ - INFO - 💾 Demo analyysi tulos tallennettu: demo_trading_analysis_20250911_211409.json
2025-09-11 21:14:09,927 - __main__ - INFO - ✅ Demo analyysi sykli valmis: 5 tokenia, 3 signaalia
2025-09-11 21:50:34,997 - __main__ - INFO - 🚀 Demo NextGen Trading Bot alustettu
2025-09-11 21:50:34,997 - __main__ - INFO - 🔄 Aloitetaan demo analyysi sykli...
2025-09-11 21:50:34,997 - __main__ - INFO - 🔍 Skannataan mock tokeneita...
2025-09-11 21:50:34,997 - __main__ - INFO - ✅ Löydettiin 5 mock tokenia
2025-09-11 21:50:34,999 - __main__ - INFO - ✅ Avattu position HODL: 195553.484577 @ $0.003456
2025-09-11 21:50:34,999 - __main__ - INFO - ✅ Avattu BUY position HODL: $675.83 @ $0.003456
2025-09-11 21:50:34,999 - __main__ - INFO - ✅ Avattu position PUMP: 392253.870172 @ $0.000123
2025-09-11 21:50:34,999 - __main__ - INFO - ✅ Avattu BUY position PUMP: $48.25 @ $0.000123
2025-09-11 21:50:34,999 - __main__ - INFO - ✅ Avattu position ROCKET: 335972.512920 @ $0.000567
2025-09-11 21:50:34,999 - __main__ - INFO - ✅ Avattu BUY position ROCKET: $190.50 @ $0.000567
2025-09-11 21:50:34,999 - __main__ - INFO - ✅ Avattu position MOON: 210308.627467 @ $0.001234
2025-09-11 21:50:34,999 - __main__ - INFO - ✅ Avattu BUY position MOON: $259.52 @ $0.001234
2025-09-11 21:50:34,999 - __main__ - INFO - ✅ Avattu position DIAMOND: 168104.793593 @ $0.002345
2025-09-11 21:50:34,999 - __main__ - INFO - ✅ Avattu BUY position DIAMOND: $394.21 @ $0.002345
2025-09-11 21:50:34,999 - __main__ - INFO - 📊 Tilastot: 5 kauppaa, 100.0% onnistunut
2025-09-11 21:50:34,999 - __main__ - INFO - 💾 Demo analyysi tulos tallennettu: demo_trading_analysis_20250911_215034.json
2025-09-11 21:50:34,999 - __main__ - INFO - ✅ Demo analyysi sykli valmis: 5 tokenia, 5 signaalia
2025-09-11 21:55:35,918 - __main__ - INFO - 🚀 Demo NextGen Trading Bot alustettu
2025-09-11 21:55:35,919 - __main__ - INFO - 🔄 Aloitetaan demo analyysi sykli...
2025-09-11 21:55:35,919 - __main__ - INFO - 🔍 Skannataan mock tokeneita...
2025-09-11 21:55:35,920 - __main__ - INFO - ✅ Löydettiin 10 mock tokenia
2025-09-11 21:55:35,921 - __main__ - INFO - ✅ Avattu position SHIB: 23966.382906 @ $0.007408
2025-09-11 21:55:35,921 - __main__ - INFO - ✅ Avattu BUY position SHIB: $177.54 @ $0.007408
2025-09-11 21:55:35,921 - __main__ - INFO - ✅ Avattu position PEPE: 20387.770709 @ $0.004563
2025-09-11 21:55:35,921 - __main__ - INFO - ✅ Avattu BUY position PEPE: $93.02 @ $0.004563
2025-09-11 21:55:35,921 - __main__ - INFO - ✅ Avattu position BASED: 226093.458331 @ $0.001187
2025-09-11 21:55:35,921 - __main__ - INFO - ✅ Avattu BUY position BASED: $268.28 @ $0.001187
2025-09-11 21:55:35,921 - __main__ - INFO - ✅ Avattu position PUMP: 16190.651281 @ $0.009397
2025-09-11 21:55:35,921 - __main__ - INFO - ✅ Avattu BUY position PUMP: $152.14 @ $0.009397
2025-09-11 21:55:35,921 - __main__ - INFO - ✅ Avattu position ALPHA: 100773.672994 @ $0.001401
2025-09-11 21:55:35,921 - __main__ - INFO - ✅ Avattu BUY position ALPHA: $141.15 @ $0.001401
2025-09-11 21:55:35,921 - __main__ - INFO - ✅ Avattu position OMEGA: 24990.639838 @ $0.009187
2025-09-11 21:55:35,921 - __main__ - INFO - ✅ Avattu BUY position OMEGA: $229.59 @ $0.009187
2025-09-11 21:55:35,921 - __main__ - INFO - ✅ Avattu position GIGACHAD: 9092.597043 @ $0.008103
2025-09-11 21:55:35,921 - __main__ - INFO - ✅ Avattu BUY position GIGACHAD: $73.68 @ $0.008103
2025-09-11 21:55:35,921 - __main__ - INFO - ✅ Avattu position DOGE: 89960.890176 @ $0.001592
2025-09-11 21:55:35,921 - __main__ - INFO - ✅ Avattu BUY position DOGE: $143.20 @ $0.001592
2025-09-11 21:55:35,921 - __main__ - INFO - ✅ Avattu position XI: 140757.328510 @ $0.001233
2025-09-11 21:55:35,921 - __main__ - INFO - ✅ Avattu BUY position XI: $173.60 @ $0.001233
2025-09-11 21:55:35,921 - __main__ - INFO - 📊 Tilastot: 9 kauppaa, 100.0% onnistunut
2025-09-11 21:55:35,921 - __main__ - INFO - 💾 Demo analyysi tulos tallennettu: demo_trading_analysis_20250911_215535.json
2025-09-11 21:55:35,921 - __main__ - INFO - ✅ Demo analyysi sykli valmis: 10 tokenia, 9 signaalia
2025-09-11 22:04:46,661 - __main__ - INFO - 🚀 Demo NextGen Trading Bot alustettu
2025-09-11 22:04:46,661 - __main__ - INFO - 🔄 Aloitetaan demo analyysi sykli...
2025-09-11 22:04:46,661 - __main__ - INFO - 🔍 Skannataan Solana-pohjaisia tokeneita...
2025-09-11 22:04:46,662 - __main__ - INFO - ✅ Löydettiin 14 Solana tokenia
2025-09-11 22:04:46,663 - __main__ - INFO - ✅ Avattu position BILLY: 623.678889 @ $0.060929
2025-09-11 22:04:46,663 - __main__ - INFO - ✅ Avattu BUY position BILLY: $38.00 @ $0.060929
2025-09-11 22:04:46,663 - __main__ - INFO - ✅ Avattu position SRM: 15600.573946 @ $0.004846
2025-09-11 22:04:46,663 - __main__ - INFO - ✅ Avattu BUY position SRM: $75.59 @ $0.004846
2025-09-11 22:04:46,663 - __main__ - INFO - ✅ Avattu position KIN: 490.872872 @ $0.077413
2025-09-11 22:04:46,663 - __main__ - INFO - ✅ Avattu BUY position KIN: $38.00 @ $0.077413
2025-09-11 22:04:46,663 - __main__ - INFO - ✅ Avattu position OXY: 7056.982405 @ $0.047944
2025-09-11 22:04:46,663 - __main__ - INFO - ✅ Avattu BUY position OXY: $338.34 @ $0.047944
2025-09-11 22:04:46,663 - __main__ - INFO - ✅ Avattu position TULIP: 865.904419 @ $0.086830
2025-09-11 22:04:46,663 - __main__ - INFO - ✅ Avattu BUY position TULIP: $75.19 @ $0.086830
2025-09-11 22:04:46,663 - __main__ - INFO - ✅ Avattu position CHILLGUY: 3764.665930 @ $0.089437
2025-09-11 22:04:46,663 - __main__ - INFO - ✅ Avattu BUY position CHILLGUY: $336.70 @ $0.089437
2025-09-11 22:04:46,663 - __main__ - INFO - ✅ Avattu position PNUT: 4128.765363 @ $0.073040
2025-09-11 22:04:46,663 - __main__ - INFO - ✅ Avattu BUY position PNUT: $301.57 @ $0.073040
2025-09-11 22:04:46,663 - __main__ - INFO - ✅ Avattu position ACT: 679.166323 @ $0.080154
2025-09-11 22:04:46,663 - __main__ - INFO - ✅ Avattu BUY position ACT: $54.44 @ $0.080154
2025-09-11 22:04:46,663 - __main__ - INFO - ✅ Avattu position NEIRO: 60601.292144 @ $0.004558
2025-09-11 22:04:46,663 - __main__ - INFO - ✅ Avattu BUY position NEIRO: $276.22 @ $0.004558
2025-09-11 22:04:46,663 - __main__ - INFO - ✅ Avattu position SUNNY: 1638.623876 @ $0.062982
2025-09-11 22:04:46,663 - __main__ - INFO - ✅ Avattu BUY position SUNNY: $103.20 @ $0.062982
2025-09-11 22:04:46,663 - __main__ - INFO - ✅ Avattu position MYRO: 928.650238 @ $0.040920
2025-09-11 22:04:46,663 - __main__ - INFO - ✅ Avattu BUY position MYRO: $38.00 @ $0.040920
2025-09-11 22:04:46,663 - __main__ - INFO - ✅ Avattu position JUP: 6883.964009 @ $0.029412
2025-09-11 22:04:46,663 - __main__ - INFO - ✅ Avattu BUY position JUP: $202.47 @ $0.029412
2025-09-11 22:04:46,663 - __main__ - INFO - ✅ Avattu position ROPE: 433.897003 @ $0.093668
2025-09-11 22:04:46,663 - __main__ - INFO - ✅ Avattu BUY position ROPE: $40.64 @ $0.093668
2025-09-11 22:04:46,663 - __main__ - INFO - 📊 Tilastot: 13 kauppaa, 100.0% onnistunut
2025-09-11 22:04:46,663 - __main__ - INFO - 💾 Demo analyysi tulos tallennettu: demo_trading_analysis_20250911_220446.json
2025-09-11 22:04:46,663 - __main__ - INFO - ✅ Demo analyysi sykli valmis: 14 tokenia, 13 signaalia
2025-09-11 22:11:43,294 - __main__ - INFO - 🚀 Demo NextGen Trading Bot alustettu
2025-09-11 22:11:43,294 - __main__ - INFO - 🔄 Aloitetaan demo analyysi sykli...
2025-09-11 22:11:43,294 - __main__ - INFO - 🔍 Skannataan Solana-pohjaisia tokeneita...
2025-09-11 22:11:43,295 - __main__ - INFO - ✅ Löydettiin 9 Solana tokenia
2025-09-11 22:11:43,295 - __main__ - INFO - ✅ Avattu position CHILLGUY: 2056303.231753 @ $0.000037
2025-09-11 22:11:43,295 - __main__ - INFO - ✅ Avattu BUY position CHILLGUY: $75.74 @ $0.000037
2025-09-11 22:11:43,295 - __main__ - INFO - ✅ Avattu position POLIS: 3987008.225400 @ $0.000021
2025-09-11 22:11:43,295 - __main__ - INFO - ✅ Avattu BUY position POLIS: $84.62 @ $0.000021
2025-09-11 22:11:43,295 - __main__ - INFO - ✅ Avattu position SUNNY: 2270135.327155 @ $0.000051
2025-09-11 22:11:43,295 - __main__ - INFO - ✅ Avattu BUY position SUNNY: $114.89 @ $0.000051
2025-09-11 22:11:43,295 - __main__ - INFO - ✅ Avattu position PNUT: 9823354.999713 @ $0.000011
2025-09-11 22:11:43,295 - __main__ - INFO - ✅ Avattu BUY position PNUT: $108.36 @ $0.000011
2025-09-11 22:11:43,295 - __main__ - INFO - ✅ Avattu position ACT: 772638.024748 @ $0.000071
2025-09-11 22:11:43,295 - __main__ - INFO - ✅ Avattu BUY position ACT: $54.56 @ $0.000071
2025-09-11 22:11:43,295 - __main__ - INFO - ✅ Avattu position GOAT: 2206585.976639 @ $0.000057
2025-09-11 22:11:43,296 - __main__ - INFO - ✅ Avattu BUY position GOAT: $124.81 @ $0.000057
2025-09-11 22:11:43,296 - __main__ - INFO - ✅ Avattu position BILLY: 5452327.402153 @ $0.000012
2025-09-11 22:11:43,296 - __main__ - INFO - ✅ Avattu BUY position BILLY: $63.71 @ $0.000012
2025-09-11 22:11:43,296 - __main__ - INFO - ✅ Avattu position STEP: 1253716.339892 @ $0.000065
2025-09-11 22:11:43,296 - __main__ - INFO - ✅ Avattu BUY position STEP: $81.99 @ $0.000065
2025-09-11 22:11:43,296 - __main__ - INFO - ✅ Avattu position PORT: 1336331.907926 @ $0.000064
2025-09-11 22:11:43,296 - __main__ - INFO - ✅ Avattu BUY position PORT: $85.21 @ $0.000064
2025-09-11 22:11:43,296 - __main__ - INFO - 📊 Tilastot: 9 kauppaa, 100.0% onnistunut
2025-09-11 22:11:43,296 - __main__ - INFO - 💾 Demo analyysi tulos tallennettu: demo_trading_analysis_20250911_221143.json
2025-09-11 22:11:43,296 - __main__ - INFO - ✅ Demo analyysi sykli valmis: 9 tokenia, 9 signaalia
2025-09-11 22:17:55,343 - __main__ - INFO - 🚀 Demo NextGen Trading Bot alustettu
2025-09-11 22:17:55,344 - __main__ - INFO - 🔄 Aloitetaan demo analyysi sykli...
2025-09-11 22:17:55,344 - __main__ - INFO - 🔍 Skannataan ultra-fresh Solana tokeneita (1-5min)...
2025-09-11 22:17:55,344 - __main__ - INFO - ✅ Löydettiin 10 ultra-fresh Solana tokenia
2025-09-11 22:17:55,344 - __main__ - INFO - ✅ Avattu position MEW: 1396674.253714 @ $0.000079
2025-09-11 22:17:55,344 - __main__ - INFO - ✅ Avattu BUY position MEW: $110.74 @ $0.000079
2025-09-11 22:17:55,344 - __main__ - INFO - ✅ Avattu position JUP: 952489.900821 @ $0.000089
2025-09-11 22:17:55,344 - __main__ - INFO - ✅ Avattu BUY position JUP: $84.93 @ $0.000089
2025-09-11 22:17:55,344 - __main__ - INFO - ✅ Avattu position FIDA: 1598075.093854 @ $0.000070
2025-09-11 22:17:55,344 - __main__ - INFO - ✅ Avattu BUY position FIDA: $111.13 @ $0.000070
2025-09-11 22:17:55,344 - __main__ - INFO - ✅ Avattu position SLOTH: 533554.535627 @ $0.000072
2025-09-11 22:17:55,344 - __main__ - INFO - ✅ Avattu BUY position SLOTH: $38.27 @ $0.000072
2025-09-11 22:17:55,344 - __main__ - INFO - ✅ Avattu position FARTCOIN: 1187912.508630 @ $0.000078
2025-09-11 22:17:55,344 - __main__ - INFO - ✅ Avattu BUY position FARTCOIN: $92.32 @ $0.000078
2025-09-11 22:17:55,344 - __main__ - INFO - ✅ Avattu position WIF: 2591750.655489 @ $0.000049
2025-09-11 22:17:55,344 - __main__ - INFO - ✅ Avattu BUY position WIF: $128.14 @ $0.000049
2025-09-11 22:17:55,344 - __main__ - INFO - ✅ Avattu position MYRO: 1200709.624536 @ $0.000073
2025-09-11 22:17:55,344 - __main__ - INFO - ✅ Avattu BUY position MYRO: $87.40 @ $0.000073
2025-09-11 22:17:55,344 - __main__ - INFO - ✅ Avattu position BONK: 361985.121365 @ $0.000089
2025-09-11 22:17:55,344 - __main__ - INFO - ✅ Avattu BUY position BONK: $32.09 @ $0.000089
2025-09-11 22:17:55,344 - __main__ - INFO - ✅ Avattu position SLERF: 7749616.015747 @ $0.000013
2025-09-11 22:17:55,344 - __main__ - INFO - ✅ Avattu BUY position SLERF: $99.87 @ $0.000013
2025-09-11 22:17:55,344 - __main__ - INFO - ✅ Avattu position POLIS: 1498740.633211 @ $0.000042
2025-09-11 22:17:55,344 - __main__ - INFO - ✅ Avattu BUY position POLIS: $62.27 @ $0.000042
2025-09-11 22:17:55,344 - __main__ - INFO - 📊 Tilastot: 10 kauppaa, 100.0% onnistunut
2025-09-11 22:17:55,345 - __main__ - INFO - 💾 Demo analyysi tulos tallennettu: demo_trading_analysis_20250911_221755.json
2025-09-11 22:17:55,345 - __main__ - INFO - ✅ Demo analyysi sykli valmis: 10 tokenia, 10 signaalia
2025-09-11 22:29:21,428 - __main__ - INFO - 🚀 Demo NextGen Trading Bot alustettu
2025-09-11 22:29:21,428 - __main__ - INFO - 🔄 Aloitetaan demo analyysi sykli...
2025-09-11 22:29:21,428 - __main__ - INFO - 🔍 Skannataan ultra-fresh Solana tokeneita (1-5min)...
2025-09-11 22:29:21,429 - __main__ - INFO - ✅ Löydettiin 10 ultra-fresh Solana tokenia
2025-09-11 22:29:21,429 - __main__ - INFO - ✅ Avattu position PORT: 276217.445279 @ $0.000060 (Age: 1min, FDV: $24,035)
2025-09-11 22:29:21,429 - __main__ - INFO - ✅ Avattu BUY position PORT: $16.51 @ $0.000060
2025-09-11 22:29:21,430 - __main__ - INFO - ✅ Avattu position GOAT: 658293.067176 @ $0.000069 (Age: 3min, FDV: $48,304)
2025-09-11 22:29:21,430 - __main__ - INFO - ✅ Avattu BUY position GOAT: $45.37 @ $0.000069
2025-09-11 22:29:21,430 - __main__ - INFO - ✅ Avattu position SLOTH: 1094976.799678 @ $0.000076 (Age: 2min, FDV: $21,271)
2025-09-11 22:29:21,430 - __main__ - INFO - ✅ Avattu BUY position SLOTH: $83.20 @ $0.000076
2025-09-11 22:29:21,430 - __main__ - INFO - ✅ Avattu position SLIM: 9685443.889028 @ $0.000009 (Age: 4min, FDV: $80,503)
2025-09-11 22:29:21,430 - __main__ - INFO - ✅ Avattu BUY position SLIM: $84.52 @ $0.000009
2025-09-11 22:29:21,430 - __main__ - INFO - ✅ Avattu position SMOG: 712151.796165 @ $0.000097 (Age: 3min, FDV: $73,507)
2025-09-11 22:29:21,430 - __main__ - INFO - ✅ Avattu BUY position SMOG: $69.20 @ $0.000097
2025-09-11 22:29:21,430 - __main__ - INFO - ✅ Avattu position ORCA: 783741.950666 @ $0.000094 (Age: 1min, FDV: $96,159)
2025-09-11 22:29:21,430 - __main__ - INFO - ✅ Avattu BUY position ORCA: $73.55 @ $0.000094
2025-09-11 22:29:21,430 - __main__ - INFO - ✅ Avattu position SAMO: 1924788.181195 @ $0.000038 (Age: 4min, FDV: $68,671)
2025-09-11 22:29:21,430 - __main__ - INFO - ✅ Avattu BUY position SAMO: $72.33 @ $0.000038
2025-09-11 22:29:21,430 - __main__ - INFO - ✅ Avattu position NEIRO: 203217.531853 @ $0.000070 (Age: 4min, FDV: $79,302)
2025-09-11 22:29:21,430 - __main__ - INFO - ✅ Avattu BUY position NEIRO: $14.25 @ $0.000070
2025-09-11 22:29:21,430 - __main__ - INFO - ✅ Avattu position TULIP: 186036.961889 @ $0.000077 (Age: 4min, FDV: $56,605)
2025-09-11 22:29:21,430 - __main__ - INFO - ✅ Avattu BUY position TULIP: $14.25 @ $0.000077
2025-09-11 22:29:21,430 - __main__ - INFO - ✅ Avattu position COPE: 443648.401220 @ $0.000061 (Age: 3min, FDV: $25,064)
2025-09-11 22:29:21,430 - __main__ - INFO - ✅ Avattu BUY position COPE: $26.86 @ $0.000061
2025-09-11 22:29:21,430 - __main__ - INFO - 📊 Tilastot: 10 kauppaa, 100.0% onnistunut
2025-09-11 22:29:21,430 - __main__ - INFO - 💾 Demo analyysi tulos tallennettu: demo_trading_analysis_20250911_222921.json
2025-09-11 22:29:21,430 - __main__ - INFO - ✅ Demo analyysi sykli valmis: 10 tokenia, 10 signaalia
