nohup: ignoring input
{"level": "INFO", "ts": "2025-09-20T09:53:16", "logger": "__main__", "msg": "TEST_MAX_CYCLES=None TEST_MAX_RUNTIME=None"}
{"level": "INFO", "ts": "2025-09-20T09:53:16", "logger": "__main__", "msg": "Ympäristömuuttujat: max_cycles=None, max_runtime=None"}
{"level": "INFO", "ts": "2025-09-20T09:53:16", "logger": "__main__", "msg": "🧪 Offline mode aktiivinen – Telegram ilmoitukset ohitetaan"}
{"level": "INFO", "ts": "2025-09-20T09:53:16", "logger": "__main__", "msg": "🚀 Käynnistetään Automatic Hybrid Trading Bot..."}
{"level": "INFO", "ts": "2025-09-20T09:53:16", "logger": "__main__", "msg": "📊 Metrics disabled (forced by code override)"}
{"level": "INFO", "ts": "2025-09-20T09:53:16", "logger": "metrics", "msg": "Metrics poistettu käytöstä (enabled=false)."}
{"level": "INFO", "ts": "2025-09-20T09:53:16", "logger": "rpc_pool", "msg": "🔄 RPC Pool alustettu: 4 endpointtia"}
{"level": "INFO", "ts": "2025-09-20T09:53:16", "logger": "__main__", "msg": "🔄 RPC Pool alustettu: 4 endpointtia"}
{"level": "INFO", "ts": "2025-09-20T09:53:16", "logger": "__main__", "msg": "🧪 Offline mode: käynnistysviesti ohitetaan"}
{"level": "INFO", "ts": "2025-09-20T09:53:16", "logger": "__main__", "msg": "⏱️ Cycle scheduler armed (interval=60s)"}
{"level": "INFO", "ts": "2025-09-20T09:53:16", "logger": "__main__", "msg": "⏰ Align seuraavaan minuuttiin: 43.8s odotusta"}
{"level": "INFO", "ts": "2025-09-20T09:53:16", "logger": "__main__", "msg": "⏰ Align odotus: 43.8s"}
{"level": "WARNING", "ts": "2025-09-20T09:53:21", "logger": "__main__", "msg": "⏱️ Startup watchdog käynnistää syklin (last_exists=True, needs_kick=True)"}
WATCHDOG TRIGGER (no fresh cycle in 5s)
{"level": "INFO", "ts": "2025-09-20T09:53:21", "logger": "hybrid_trading_bot", "msg": "🧪 Offline mode: DiscoveryEngine ohitetaan"}
{"level": "INFO", "ts": "2025-09-20T09:53:21", "logger": "__main__", "msg": "🔄 Aloitetaan analyysi sykli #1"}
{"level": "INFO", "ts": "2025-09-20T09:53:21", "logger": "__main__", "msg": "Cycle started"}
CYCLE_START cycle_id=1
{"level": "INFO", "ts": "2025-09-20T09:53:21", "logger": "__main__", "msg": "{\"evt\": \"cycle_start\", \"run_id\": \"run_20250920_095316_d6b10f92\", \"cycle_id\": 1}"}
{"level": "INFO", "ts": "2025-09-20T09:53:21", "logger": "hybrid_trading_bot", "msg": "🔄 Aloitetaan hybrid analyysi sykli..."}
{"level": "INFO", "ts": "2025-09-20T09:53:21", "logger": "hybrid_trading_bot", "msg": "🧪 Offline mode: API health-check skipattu"}
{"level": "INFO", "ts": "2025-09-20T09:53:21", "logger": "hybrid_trading_bot", "msg": "🧪 Offline mode: luotiin 5 synteettistä tokenia"}
{"level": "INFO", "ts": "2025-09-20T09:53:21", "logger": "hybrid_trading_bot", "msg": "🧪 Offline mode: generoitu 3 mock hot candidatea"}
{"level": "INFO", "ts": "2025-09-20T09:53:21", "logger": "hybrid_trading_bot", "msg": "🔍 Analysoidaan token MOCK1: Age=n/a, MC=$454,897, Tech=0.80, Risk=0.07, PriceChg=26.9%, Vol=$140,739, Social=0.56"}
{"level": "INFO", "ts": "2025-09-20T09:53:21", "logger": "hybrid_trading_bot", "msg": "🔍 Analysoidaan token MOCK4: Age=n/a, MC=$656,728, Tech=0.80, Risk=0.05, PriceChg=26.8%, Vol=$101,673, Social=0.84"}
{"level": "INFO", "ts": "2025-09-20T09:53:21", "logger": "hybrid_trading_bot", "msg": "🔍 Analysoidaan token MOCK5: Age=n/a, MC=$236,055, Tech=0.70, Risk=0.02, PriceChg=1.9%, Vol=$61,588, Social=0.14"}
{"level": "INFO", "ts": "2025-09-20T09:53:21", "logger": "hybrid_trading_bot", "msg": "🔍 Analysoidaan token MOCK2: Age=n/a, MC=$346,943, Tech=0.65, Risk=0.02, PriceChg=5.7%, Vol=$109,220, Social=0.26"}
{"level": "INFO", "ts": "2025-09-20T09:53:21", "logger": "hybrid_trading_bot", "msg": "🔍 Analysoidaan token MOCK3: Age=n/a, MC=$1,100,297, Tech=0.60, Risk=0.05, PriceChg=-12.2%, Vol=$66,349, Social=0.12"}
{"level": "INFO", "ts": "2025-09-20T09:53:21", "logger": "hybrid_trading_bot", "msg": "✅ Avattu position MOCK1: 41.29 @ $0.605417 (Age: 35min, FDV: $454,897)"}
{"level": "INFO", "ts": "2025-09-20T09:53:21", "logger": "null_telegram_bot", "msg": "[offline] Telegram message skipped: 🆕💊 Mock Token 1 - $MOCK1 ⏳ 0% @ Pump 🔥 #1 ⋅ 📺 💎 FDV: $454,897 ⇨ 1,042,133 [7m] 📊 Vol: $140,739 ⋅ Age: 35m 💩 5M: 357.2% ⋅ $72,457 🅑 163 Ⓢ 149  👥 TH: 3.9⋅3.5⋅3.1⋅"}
{"level": "INFO", "ts": "2025-09-20T09:53:21", "logger": "hybrid_trading_bot", "msg": "✅ Avattu BUY position MOCK1: $100.00 @ $0.605417"}
{"level": "INFO", "ts": "2025-09-20T09:53:21", "logger": "hybrid_trading_bot", "msg": "✅ Avattu position MOCK5: 38.26 @ $0.653364 (Age: 23min, FDV: $236,055)"}
{"level": "INFO", "ts": "2025-09-20T09:53:21", "logger": "null_telegram_bot", "msg": "[offline] Telegram message skipped: 🆕💊 Mock Token 5 - $MOCK5 ⏳ 0% @ Pump 🔥 #1 ⋅ 📺 💎 FDV: $236,055 ⇨ 744,531 [3m] 📊 Vol: $61,588 ⋅ Age: 23m 💩 5M: -46.7% ⋅ $35,507 🅑 184 Ⓢ 190  👥 TH: 5.0⋅5.5⋅5.6⋅3.1"}
{"level": "INFO", "ts": "2025-09-20T09:53:21", "logger": "hybrid_trading_bot", "msg": "✅ Avattu BUY position MOCK5: $100.00 @ $0.653364"}
{"level": "INFO", "ts": "2025-09-20T09:53:21", "logger": "hybrid_trading_bot", "msg": "✅ Avattu position MOCK2: 18.77 @ $1.332252 (Age: 40min, FDV: $346,943)"}
{"level": "INFO", "ts": "2025-09-20T09:53:21", "logger": "null_telegram_bot", "msg": "[offline] Telegram message skipped: 🆕💊 Mock Token 2 - $MOCK2 ⏳ 0% @ Pump 🔥 #1 ⋅ 📺 💎 FDV: $346,943 ⇨ 1,070,689 [4m] 📊 Vol: $109,220 ⋅ Age: 40m 💩 5M: -65.5% ⋅ $40,361 🅑 169 Ⓢ 146  👥 TH: 4.8⋅5.0⋅5.8⋅"}
{"level": "INFO", "ts": "2025-09-20T09:53:21", "logger": "hybrid_trading_bot", "msg": "✅ Avattu BUY position MOCK2: $100.00 @ $1.332252"}
{"level": "INFO", "ts": "2025-09-20T09:53:21", "logger": "hybrid_trading_bot", "msg": "💾 Hybrid analyysi tulos tallennettu: hybrid_trading_analysis_20250920_095321.json"}
{"level": "INFO", "ts": "2025-09-20T09:53:21", "logger": "hybrid_trading_bot", "msg": "✅ Hybrid analyysi sykli valmis: 5 tokenia, 3 signaalia, 3 hot candidates"}
{"level": "INFO", "ts": "2025-09-20T09:53:21", "logger": "hybrid_trading_bot", "msg": "[PAPER] BUY mint=MockMint0001 amount_sol=0.01 score=0.64"}
{"level": "INFO", "ts": "2025-09-20T09:53:21", "logger": "null_telegram_bot", "msg": "[offline] Telegram message skipped: 📊 *Hybrid Bot Raportti:* 🔍 Tokeneita: 3 📡 Signaaleja: 3 💼 Kauppoja: 3 🔥 Hot Candidates: 3 💰 Portfolio: $10067.27 (+$67.27) 📈 Positioita: 3"}
{"level": "INFO", "ts": "2025-09-20T09:53:21", "logger": "null_telegram_bot", "msg": "[offline] Telegram message skipped: 🌱 *Uudet kuumat tokenit*  1) *MOCK1* — 0.68    • age 35.0m • buyers 8 • buy-ratio 1.38    • liq $31002 • dist 0.75 • rug_risk 0.25    • mint: Mock…0001    • add"}
{"level": "INFO", "ts": "2025-09-20T09:53:21", "logger": "hybrid_trading_bot", "msg": "✅ Hot candidates Telegram viesti lähetetty: 3 tokenia (cooldown: 0 skipattu)"}
{"level": "INFO", "ts": "2025-09-20T09:53:21", "logger": "shadow_trading_logger", "msg": "✅ Shadow trading logger alustettu: shadow_trades.db"}
{"level": "INFO", "ts": "2025-09-20T09:53:21", "logger": "shadow_trading_logger", "msg": "📊 Shadow trade kirjattu: MOCK1 (score: 0.68)"}
{"level": "INFO", "ts": "2025-09-20T09:53:21", "logger": "shadow_trading_logger", "msg": "📊 Shadow trade kirjattu: MOCK5 (score: 0.60)"}
{"level": "INFO", "ts": "2025-09-20T09:53:21", "logger": "shadow_trading_logger", "msg": "📊 Shadow trade kirjattu: MOCK2 (score: 0.59)"}
{"level": "INFO", "ts": "2025-09-20T09:53:21", "logger": "hybrid_trading_bot", "msg": "✅ Burn-in: Hot candidates/h = 3.0 >= 2.0 (kriteeri täyttyy)"}
{"level": "INFO", "ts": "2025-09-20T09:53:21", "logger": "hybrid_trading_bot", "msg": "✅ Burn-in: P95 cycle = 0.02s <= 3.0s (kriteeri täyttyy)"}
{"level": "INFO", "ts": "2025-09-20T09:53:21", "logger": "hybrid_trading_bot", "msg": "🚀 Live-kauppa GATE: Kaikki kriteerit täyttyvät - live-kauppa ENABLED"}
{"level": "INFO", "ts": "2025-09-20T09:53:21", "logger": "hybrid_trading_bot", "msg": "🔍 Live-kauppa gate: hot_candidates=True, api_health=True, source_health=True, drawdown=True -> True"}
{"level": "INFO", "ts": "2025-09-20T09:53:21", "logger": "quality_panel", "msg": "✅ Laatupaneeli alustettu"}
{"level": "INFO", "ts": "2025-09-20T09:53:21", "logger": "__main__", "msg": "Cycle completed"}
{"level": "INFO", "ts": "2025-09-20T09:53:21", "logger": "__main__", "msg": "✅ Sykli #1 valmis"}
CYCLE_END cycle_id=1 hot=3 tokens=5
{"level": "INFO", "ts": "2025-09-20T09:53:21", "logger": "__main__", "msg": "{\"evt\": \"cycle_end\", \"result\": \"success\", \"run_id\": \"run_20250920_095316_d6b10f92\", \"cycle_id\": 1, \"tokens\": 5, \"hot\": 3}"}
{"level": "INFO", "ts": "2025-09-20T09:53:46", "logger": "__main__", "msg": "💓 heartbeat: idle=25.0s (scheduler alive)"}
{"level": "INFO", "ts": "2025-09-20T09:53:56", "logger": "__main__", "msg": "💓 heartbeat: idle=35.0s (scheduler alive)"}
{"level": "INFO", "ts": "2025-09-20T09:54:00", "logger": "__main__", "msg": "✅ Align odotus valmis, aloitetaan pääsilmukka"}
{"level": "INFO", "ts": "2025-09-20T09:54:00", "logger": "__main__", "msg": "🔄 Aloitetaan analyysi sykli #2"}
{"level": "INFO", "ts": "2025-09-20T09:54:00", "logger": "__main__", "msg": "Cycle started"}
CYCLE_START cycle_id=2
{"level": "INFO", "ts": "2025-09-20T09:54:00", "logger": "__main__", "msg": "{\"evt\": \"cycle_start\", \"run_id\": \"run_20250920_095316_d6b10f92\", \"cycle_id\": 2}"}
{"level": "INFO", "ts": "2025-09-20T09:54:00", "logger": "hybrid_trading_bot", "msg": "🔄 Aloitetaan hybrid analyysi sykli..."}
{"level": "INFO", "ts": "2025-09-20T09:54:00", "logger": "hybrid_trading_bot", "msg": "🧪 Offline mode: API health-check skipattu"}
{"level": "INFO", "ts": "2025-09-20T09:54:00", "logger": "hybrid_trading_bot", "msg": "🧪 Offline mode: luotiin 5 synteettistä tokenia"}
{"level": "INFO", "ts": "2025-09-20T09:54:00", "logger": "hybrid_trading_bot", "msg": "🧪 Offline mode: generoitu 3 mock hot candidatea"}
{"level": "INFO", "ts": "2025-09-20T09:54:00", "logger": "hybrid_trading_bot", "msg": "🔍 Analysoidaan token MOCK4: Age=n/a, MC=$308,953, Tech=0.95, Risk=0.02, PriceChg=18.0%, Vol=$175,966, Social=0.32"}
{"level": "INFO", "ts": "2025-09-20T09:54:00", "logger": "hybrid_trading_bot", "msg": "🔍 Analysoidaan token MOCK3: Age=n/a, MC=$139,787, Tech=0.90, Risk=0.05, PriceChg=13.7%, Vol=$53,113, Social=0.25"}
{"level": "INFO", "ts": "2025-09-20T09:54:00", "logger": "hybrid_trading_bot", "msg": "🔍 Analysoidaan token MOCK2: Age=n/a, MC=$175,383, Tech=0.85, Risk=0.04, PriceChg=2.8%, Vol=$157,985, Social=0.39"}
{"level": "INFO", "ts": "2025-09-20T09:54:00", "logger": "hybrid_trading_bot", "msg": "🔍 Analysoidaan token MOCK5: Age=n/a, MC=$1,138,597, Tech=0.75, Risk=0.02, PriceChg=9.3%, Vol=$236,980, Social=0.41"}
{"level": "INFO", "ts": "2025-09-20T09:54:00", "logger": "hybrid_trading_bot", "msg": "🔍 Analysoidaan token MOCK1: Age=n/a, MC=$1,001,312, Tech=0.65, Risk=0.02, PriceChg=-15.0%, Vol=$71,191, Social=0.30"}
{"level": "WARNING", "ts": "2025-09-20T09:54:00", "logger": "hybrid_trading_bot", "msg": "Position jo olemassa tokenille MOCK5"}
{"level": "INFO", "ts": "2025-09-20T09:54:00", "logger": "hybrid_trading_bot", "msg": "✅ Avattu position MOCK4: 16.61 @ $1.505186 (Age: 19min, FDV: $308,953)"}
{"level": "INFO", "ts": "2025-09-20T09:54:00", "logger": "null_telegram_bot", "msg": "[offline] Telegram message skipped: 🆕💊 Mock Token 4 - $MOCK4 ⏳ 0% @ Pump 🔥 #1 ⋅ 📺 💎 FDV: $308,953 ⇨ 857,346 [8m] 📊 Vol: $175,966 ⋅ Age: 19m 💩 5M: 119.1% ⋅ $72,895 🅑 152 Ⓢ 175  👥 TH: 4.1⋅3.8⋅5.1⋅4."}
{"level": "INFO", "ts": "2025-09-20T09:54:00", "logger": "hybrid_trading_bot", "msg": "✅ Avattu BUY position MOCK4: $100.00 @ $1.505186"}
{"level": "WARNING", "ts": "2025-09-20T09:54:00", "logger": "hybrid_trading_bot", "msg": "Position jo olemassa tokenille MOCK2"}
{"level": "INFO", "ts": "2025-09-20T09:54:00", "logger": "hybrid_trading_bot", "msg": "💾 Hybrid analyysi tulos tallennettu: hybrid_trading_analysis_20250920_095400.json"}
{"level": "INFO", "ts": "2025-09-20T09:54:00", "logger": "hybrid_trading_bot", "msg": "✅ Hybrid analyysi sykli valmis: 5 tokenia, 3 signaalia, 3 hot candidates"}
{"level": "INFO", "ts": "2025-09-20T09:54:00", "logger": "hybrid_trading_bot", "msg": "[PAPER] BUY mint=MockMint0005 amount_sol=0.01 score=0.69"}
{"level": "INFO", "ts": "2025-09-20T09:54:00", "logger": "null_telegram_bot", "msg": "[offline] Telegram message skipped: 📊 *Hybrid Bot Raportti:* 🔍 Tokeneita: 3 📡 Signaaleja: 3 💼 Kauppoja: 1 🔥 Hot Candidates: 3 💰 Portfolio: $10072.48 (+$72.48) 📈 Positioita: 4"}
{"level": "INFO", "ts": "2025-09-20T09:54:00", "logger": "hybrid_trading_bot", "msg": "Cooldown skip mint=MockMint... remaining=1761s"}
{"level": "INFO", "ts": "2025-09-20T09:54:00", "logger": "hybrid_trading_bot", "msg": "Cooldown skip mint=MockMint... remaining=1761s"}
{"level": "INFO", "ts": "2025-09-20T09:54:00", "logger": "null_telegram_bot", "msg": "[offline] Telegram message skipped: 🌱 *Uudet kuumat tokenit*  1) *MOCK4* — 0.62    • age 19.0m • buyers 11 • buy-ratio 1.58    • liq $29168 • dist 0.61 • rug_risk 0.39    • mint: Mock…0004    • ad"}
{"level": "INFO", "ts": "2025-09-20T09:54:00", "logger": "hybrid_trading_bot", "msg": "✅ Hot candidates Telegram viesti lähetetty: 1 tokenia (cooldown: 2 skipattu)"}
{"level": "INFO", "ts": "2025-09-20T09:54:00", "logger": "shadow_trading_logger", "msg": "📊 Shadow trade kirjattu: MOCK5 (score: 0.77)"}
{"level": "INFO", "ts": "2025-09-20T09:54:00", "logger": "shadow_trading_logger", "msg": "📊 Shadow trade kirjattu: MOCK4 (score: 0.62)"}
{"level": "INFO", "ts": "2025-09-20T09:54:00", "logger": "shadow_trading_logger", "msg": "📊 Shadow trade kirjattu: MOCK2 (score: 0.59)"}
{"level": "INFO", "ts": "2025-09-20T09:54:00", "logger": "hybrid_trading_bot", "msg": "✅ Burn-in: Hot candidates/h = 6.0 >= 2.0 (kriteeri täyttyy)"}
{"level": "INFO", "ts": "2025-09-20T09:54:00", "logger": "hybrid_trading_bot", "msg": "✅ Burn-in: P95 cycle = 0.02s <= 3.0s (kriteeri täyttyy)"}
{"level": "INFO", "ts": "2025-09-20T09:54:00", "logger": "hybrid_trading_bot", "msg": "🔍 Live-kauppa gate: hot_candidates=True, api_health=True, source_health=True, drawdown=True -> True"}
{"level": "INFO", "ts": "2025-09-20T09:54:00", "logger": "__main__", "msg": "Cycle completed"}
{"level": "INFO", "ts": "2025-09-20T09:54:00", "logger": "__main__", "msg": "✅ Sykli #2 valmis"}
CYCLE_END cycle_id=2 hot=3 tokens=5
{"level": "INFO", "ts": "2025-09-20T09:54:00", "logger": "__main__", "msg": "{\"evt\": \"cycle_end\", \"result\": \"success\", \"run_id\": \"run_20250920_095316_d6b10f92\", \"cycle_id\": 2, \"tokens\": 5, \"hot\": 3}"}
{"level": "INFO", "ts": "2025-09-20T09:54:00", "logger": "__main__", "msg": "⏰ Odotetaan 60.0 sekuntia ennen seuraavaa sykliä..."}
{"level": "INFO", "ts": "2025-09-20T09:54:26", "logger": "__main__", "msg": "💓 heartbeat: idle=26.2s (scheduler alive)"}
{"level": "INFO", "ts": "2025-09-20T09:54:36", "logger": "__main__", "msg": "💓 heartbeat: idle=36.2s (scheduler alive)"}
{"level": "INFO", "ts": "2025-09-20T09:54:46", "logger": "__main__", "msg": "💓 heartbeat: idle=46.2s (scheduler alive)"}
{"level": "INFO", "ts": "2025-09-20T09:54:56", "logger": "__main__", "msg": "💓 heartbeat: idle=56.2s (scheduler alive)"}
{"level": "INFO", "ts": "2025-09-20T09:55:00", "logger": "__main__", "msg": "🔄 Aloitetaan analyysi sykli #3"}
{"level": "INFO", "ts": "2025-09-20T09:55:00", "logger": "__main__", "msg": "Cycle started"}
CYCLE_START cycle_id=3
{"level": "INFO", "ts": "2025-09-20T09:55:00", "logger": "__main__", "msg": "{\"evt\": \"cycle_start\", \"run_id\": \"run_20250920_095316_d6b10f92\", \"cycle_id\": 3}"}
{"level": "INFO", "ts": "2025-09-20T09:55:00", "logger": "hybrid_trading_bot", "msg": "🔄 Aloitetaan hybrid analyysi sykli..."}
{"level": "INFO", "ts": "2025-09-20T09:55:00", "logger": "hybrid_trading_bot", "msg": "🧪 Offline mode: API health-check skipattu"}
{"level": "INFO", "ts": "2025-09-20T09:55:00", "logger": "hybrid_trading_bot", "msg": "🧪 Offline mode: luotiin 5 synteettistä tokenia"}
{"level": "INFO", "ts": "2025-09-20T09:55:00", "logger": "hybrid_trading_bot", "msg": "🧪 Offline mode: generoitu 3 mock hot candidatea"}
{"level": "INFO", "ts": "2025-09-20T09:55:00", "logger": "hybrid_trading_bot", "msg": "🔍 Analysoidaan token MOCK3: Age=n/a, MC=$772,689, Tech=0.90, Risk=0.02, PriceChg=32.4%, Vol=$201,950, Social=0.57"}
{"level": "INFO", "ts": "2025-09-20T09:55:00", "logger": "hybrid_trading_bot", "msg": "🔍 Analysoidaan token MOCK1: Age=n/a, MC=$746,137, Tech=0.85, Risk=0.05, PriceChg=34.6%, Vol=$85,244, Social=0.60"}
{"level": "INFO", "ts": "2025-09-20T09:55:00", "logger": "hybrid_trading_bot", "msg": "🔍 Analysoidaan token MOCK4: Age=n/a, MC=$874,418, Tech=0.70, Risk=0.07, PriceChg=37.9%, Vol=$75,003, Social=0.81"}
{"level": "INFO", "ts": "2025-09-20T09:55:00", "logger": "hybrid_trading_bot", "msg": "🔍 Analysoidaan token MOCK2: Age=n/a, MC=$434,930, Tech=0.65, Risk=0.05, PriceChg=-9.3%, Vol=$133,804, Social=0.57"}
{"level": "INFO", "ts": "2025-09-20T09:55:00", "logger": "hybrid_trading_bot", "msg": "🔍 Analysoidaan token MOCK5: Age=n/a, MC=$1,150,675, Tech=0.65, Risk=0.02, PriceChg=22.1%, Vol=$110,314, Social=0.48"}
{"level": "INFO", "ts": "2025-09-20T09:55:00", "logger": "hybrid_trading_bot", "msg": "🛑 Quick stop: MOCK4 PnL: -51.5%"}
{"level": "INFO", "ts": "2025-09-20T09:55:00", "logger": "hybrid_trading_bot", "msg": "🔴 Tappiollinen kauppa: MOCK4 $-12.83"}
{"level": "INFO", "ts": "2025-09-20T09:55:00", "logger": "hybrid_trading_bot", "msg": "✅ Suljettu SELL position MOCK4: PnL $-12.83 (-51.3%)"}
{"level": "INFO", "ts": "2025-09-20T09:55:00", "logger": "null_telegram_bot", "msg": "[offline] Telegram message skipped: 🔴 *SELL Position Suljettu:* 💰 MOCK4: $-12.83 (-51.3%) 📝 Syy: PnL: -51.5%, Age: 0min"}
{"level": "INFO", "ts": "2025-09-20T09:55:00", "logger": "hybrid_trading_bot", "msg": "✅ Suljettu SELL position MOCK4: PnL -12.89%"}
{"level": "INFO", "ts": "2025-09-20T09:55:00", "logger": "hybrid_trading_bot", "msg": "✅ Avattu position MOCK4: 14.88 @ $1.680340 (Age: 42min, FDV: $874,418)"}
{"level": "INFO", "ts": "2025-09-20T09:55:00", "logger": "null_telegram_bot", "msg": "[offline] Telegram message skipped: 🆕💊 Mock Token 4 - $MOCK4 ⏳ 0% @ Pump 🔥 #1 ⋅ 📺 💎 FDV: $874,418 ⇨ 2,840,730 [7m] 📊 Vol: $75,003 ⋅ Age: 42m 💩 5M: 375.2% ⋅ $37,493 🅑 158 Ⓢ 117  👥 TH: 5.2⋅5.6⋅4.3⋅3"}
{"level": "INFO", "ts": "2025-09-20T09:55:00", "logger": "hybrid_trading_bot", "msg": "✅ Avattu BUY position MOCK4: $100.00 @ $1.680340"}
{"level": "INFO", "ts": "2025-09-20T09:55:00", "logger": "hybrid_trading_bot", "msg": "✅ Avattu position MOCK3: 19.45 @ $1.285338 (Age: 13min, FDV: $772,689)"}
{"level": "INFO", "ts": "2025-09-20T09:55:00", "logger": "null_telegram_bot", "msg": "[offline] Telegram message skipped: 🆕💊 Mock Token 3 - $MOCK3 ⏳ 0% @ Pump 🔥 #1 ⋅ 📺 💎 FDV: $772,689 ⇨ 1,646,521 [6m] 📊 Vol: $201,950 ⋅ Age: 13m 💩 5M: 304.1% ⋅ $91,083 🅑 122 Ⓢ 185  👥 TH: 4.6⋅3.7⋅3.8⋅"}
{"level": "INFO", "ts": "2025-09-20T09:55:00", "logger": "hybrid_trading_bot", "msg": "✅ Avattu BUY position MOCK3: $100.00 @ $1.285338"}
{"level": "WARNING", "ts": "2025-09-20T09:55:00", "logger": "hybrid_trading_bot", "msg": "Position jo olemassa tokenille MOCK5"}
{"level": "INFO", "ts": "2025-09-20T09:55:00", "logger": "hybrid_trading_bot", "msg": "💾 Hybrid analyysi tulos tallennettu: hybrid_trading_analysis_20250920_095500.json"}
{"level": "INFO", "ts": "2025-09-20T09:55:00", "logger": "hybrid_trading_bot", "msg": "✅ Hybrid analyysi sykli valmis: 5 tokenia, 4 signaalia, 3 hot candidates"}
{"level": "INFO", "ts": "2025-09-20T09:55:00", "logger": "hybrid_trading_bot", "msg": "[PAPER] BUY mint=MockMint0004 amount_sol=0.01 score=0.75"}
{"level": "INFO", "ts": "2025-09-20T09:55:00", "logger": "null_telegram_bot", "msg": "[offline] Telegram message skipped: 📊 *Hybrid Bot Raportti:* 🔍 Tokeneita: 3 📡 Signaaleja: 4 💼 Kauppoja: 3 🔥 Hot Candidates: 3 💰 Portfolio: $10037.88 (+$37.88) 📈 Positioita: 5"}
{"level": "INFO", "ts": "2025-09-20T09:55:00", "logger": "hybrid_trading_bot", "msg": "Cooldown skip mint=MockMint... remaining=1740s"}
{"level": "INFO", "ts": "2025-09-20T09:55:00", "logger": "hybrid_trading_bot", "msg": "Cooldown skip mint=MockMint... remaining=1701s"}
{"level": "INFO", "ts": "2025-09-20T09:55:00", "logger": "null_telegram_bot", "msg": "[offline] Telegram message skipped: 🌱 *Uudet kuumat tokenit*  1) *MOCK3* — 0.70    • age 13.0m • buyers 11 • buy-ratio 1.59    • liq $30929 • dist 0.91 • rug_risk 0.09    • mint: Mock…0003    • ad"}
{"level": "INFO", "ts": "2025-09-20T09:55:00", "logger": "hybrid_trading_bot", "msg": "✅ Hot candidates Telegram viesti lähetetty: 1 tokenia (cooldown: 2 skipattu)"}
{"level": "INFO", "ts": "2025-09-20T09:55:00", "logger": "shadow_trading_logger", "msg": "📊 Shadow trade kirjattu: MOCK4 (score: 0.78)"}
{"level": "INFO", "ts": "2025-09-20T09:55:00", "logger": "shadow_trading_logger", "msg": "📊 Shadow trade kirjattu: MOCK3 (score: 0.70)"}
{"level": "INFO", "ts": "2025-09-20T09:55:00", "logger": "shadow_trading_logger", "msg": "📊 Shadow trade kirjattu: MOCK5 (score: 0.69)"}
{"level": "INFO", "ts": "2025-09-20T09:55:00", "logger": "hybrid_trading_bot", "msg": "✅ Burn-in: Hot candidates/h = 9.0 >= 2.0 (kriteeri täyttyy)"}
{"level": "INFO", "ts": "2025-09-20T09:55:00", "logger": "hybrid_trading_bot", "msg": "✅ Burn-in: P95 cycle = 0.02s <= 3.0s (kriteeri täyttyy)"}
{"level": "INFO", "ts": "2025-09-20T09:55:00", "logger": "hybrid_trading_bot", "msg": "🔍 Live-kauppa gate: hot_candidates=True, api_health=True, source_health=True, drawdown=True -> True"}
{"level": "INFO", "ts": "2025-09-20T09:55:00", "logger": "__main__", "msg": "Cycle completed"}
{"level": "INFO", "ts": "2025-09-20T09:55:00", "logger": "__main__", "msg": "✅ Sykli #3 valmis"}
CYCLE_END cycle_id=3 hot=3 tokens=5
{"level": "INFO", "ts": "2025-09-20T09:55:00", "logger": "__main__", "msg": "{\"evt\": \"cycle_end\", \"result\": \"success\", \"run_id\": \"run_20250920_095316_d6b10f92\", \"cycle_id\": 3, \"tokens\": 5, \"hot\": 3}"}
{"level": "INFO", "ts": "2025-09-20T09:55:00", "logger": "__main__", "msg": "⏰ Odotetaan 60.0 sekuntia ennen seuraavaa sykliä..."}
{"level": "INFO", "ts": "2025-09-20T09:55:26", "logger": "__main__", "msg": "💓 heartbeat: idle=26.1s (scheduler alive)"}
{"level": "INFO", "ts": "2025-09-20T09:55:36", "logger": "__main__", "msg": "💓 heartbeat: idle=36.1s (scheduler alive)"}
{"level": "INFO", "ts": "2025-09-20T09:55:46", "logger": "__main__", "msg": "💓 heartbeat: idle=46.1s (scheduler alive)"}
{"level": "INFO", "ts": "2025-09-20T09:55:56", "logger": "__main__", "msg": "💓 heartbeat: idle=56.2s (scheduler alive)"}
{"level": "INFO", "ts": "2025-09-20T09:56:00", "logger": "__main__", "msg": "🔄 Aloitetaan analyysi sykli #4"}
{"level": "INFO", "ts": "2025-09-20T09:56:00", "logger": "__main__", "msg": "Cycle started"}
CYCLE_START cycle_id=4
{"level": "INFO", "ts": "2025-09-20T09:56:00", "logger": "__main__", "msg": "{\"evt\": \"cycle_start\", \"run_id\": \"run_20250920_095316_d6b10f92\", \"cycle_id\": 4}"}
{"level": "INFO", "ts": "2025-09-20T09:56:00", "logger": "hybrid_trading_bot", "msg": "🔄 Aloitetaan hybrid analyysi sykli..."}
{"level": "INFO", "ts": "2025-09-20T09:56:00", "logger": "hybrid_trading_bot", "msg": "🧪 Offline mode: API health-check skipattu"}
{"level": "INFO", "ts": "2025-09-20T09:56:00", "logger": "hybrid_trading_bot", "msg": "🧪 Offline mode: luotiin 5 synteettistä tokenia"}
{"level": "INFO", "ts": "2025-09-20T09:56:00", "logger": "hybrid_trading_bot", "msg": "🧪 Offline mode: generoitu 3 mock hot candidatea"}
{"level": "INFO", "ts": "2025-09-20T09:56:00", "logger": "hybrid_trading_bot", "msg": "🔍 Analysoidaan token MOCK4: Age=n/a, MC=$188,905, Tech=0.90, Risk=0.02, PriceChg=-14.7%, Vol=$174,282, Social=0.55"}
{"level": "INFO", "ts": "2025-09-20T09:56:00", "logger": "hybrid_trading_bot", "msg": "🔍 Analysoidaan token MOCK5: Age=n/a, MC=$818,095, Tech=0.90, Risk=0.02, PriceChg=36.1%, Vol=$119,049, Social=0.77"}
{"level": "INFO", "ts": "2025-09-20T09:56:00", "logger": "hybrid_trading_bot", "msg": "🔍 Analysoidaan token MOCK1: Age=n/a, MC=$253,707, Tech=0.70, Risk=0.02, PriceChg=-0.6%, Vol=$61,271, Social=0.14"}
{"level": "INFO", "ts": "2025-09-20T09:56:00", "logger": "hybrid_trading_bot", "msg": "🔍 Analysoidaan token MOCK2: Age=n/a, MC=$1,133,327, Tech=0.65, Risk=0.02, PriceChg=-6.5%, Vol=$170,150, Social=0.26"}
{"level": "INFO", "ts": "2025-09-20T09:56:00", "logger": "hybrid_trading_bot", "msg": "🔍 Analysoidaan token MOCK3: Age=n/a, MC=$1,573,898, Tech=0.50, Risk=0.05, PriceChg=-5.3%, Vol=$242,309, Social=0.24"}
{"level": "INFO", "ts": "2025-09-20T09:56:00", "logger": "hybrid_trading_bot", "msg": "🛑 Quick stop: MOCK2 PnL: -48.0%"}
{"level": "INFO", "ts": "2025-09-20T09:56:00", "logger": "hybrid_trading_bot", "msg": "🔴 Tappiollinen kauppa: MOCK2 $-10.43"}
{"level": "INFO", "ts": "2025-09-20T09:56:00", "logger": "hybrid_trading_bot", "msg": "✅ Suljettu SELL position MOCK2: PnL $-10.43 (-41.7%)"}
{"level": "INFO", "ts": "2025-09-20T09:56:00", "logger": "null_telegram_bot", "msg": "[offline] Telegram message skipped: 🔴 *SELL Position Suljettu:* 💰 MOCK2: $-10.43 (-41.7%) 📝 Syy: PnL: -48.0%, Age: 1min"}
{"level": "INFO", "ts": "2025-09-20T09:56:00", "logger": "hybrid_trading_bot", "msg": "✅ Suljettu SELL position MOCK2: PnL -12.00%"}
{"level": "WARNING", "ts": "2025-09-20T09:56:00", "logger": "hybrid_trading_bot", "msg": "Position jo olemassa tokenille MOCK1"}
{"level": "WARNING", "ts": "2025-09-20T09:56:00", "logger": "hybrid_trading_bot", "msg": "Position jo olemassa tokenille MOCK5"}
{"level": "WARNING", "ts": "2025-09-20T09:56:00", "logger": "hybrid_trading_bot", "msg": "Position jo olemassa tokenille MOCK3"}
{"level": "INFO", "ts": "2025-09-20T09:56:00", "logger": "hybrid_trading_bot", "msg": "💾 Hybrid analyysi tulos tallennettu: hybrid_trading_analysis_20250920_095600.json"}
{"level": "INFO", "ts": "2025-09-20T09:56:00", "logger": "hybrid_trading_bot", "msg": "✅ Hybrid analyysi sykli valmis: 5 tokenia, 4 signaalia, 3 hot candidates"}
{"level": "INFO", "ts": "2025-09-20T09:56:00", "logger": "hybrid_trading_bot", "msg": "Trade gates not met mint=MockMint0001 score=0.81 min=0.35"}
{"level": "INFO", "ts": "2025-09-20T09:56:00", "logger": "null_telegram_bot", "msg": "[offline] Telegram message skipped: 📊 *Hybrid Bot Raportti:* 🔍 Tokeneita: 3 📡 Signaaleja: 4 💼 Kauppoja: 1 🔥 Hot Candidates: 3 💰 Portfolio: $9973.37 (+$-26.63) 📈 Positioita: 4"}
{"level": "INFO", "ts": "2025-09-20T09:56:00", "logger": "hybrid_trading_bot", "msg": "Cooldown skip mint=MockMint... remaining=1641s"}
{"level": "INFO", "ts": "2025-09-20T09:56:00", "logger": "hybrid_trading_bot", "msg": "Cooldown skip mint=MockMint... remaining=1641s"}
{"level": "INFO", "ts": "2025-09-20T09:56:00", "logger": "hybrid_trading_bot", "msg": "Cooldown skip mint=MockMint... remaining=1740s"}
{"level": "INFO", "ts": "2025-09-20T09:56:00", "logger": "hybrid_trading_bot", "msg": "📱 Kaikki hot candidates cooldown:issa tai duplikaatteja, ei lähetetä Telegram viestiä"}
{"level": "INFO", "ts": "2025-09-20T09:56:00", "logger": "shadow_trading_logger", "msg": "📊 Shadow trade kirjattu: MOCK1 (score: 0.85)"}
{"level": "INFO", "ts": "2025-09-20T09:56:00", "logger": "shadow_trading_logger", "msg": "📊 Shadow trade kirjattu: MOCK5 (score: 0.79)"}
{"level": "INFO", "ts": "2025-09-20T09:56:00", "logger": "shadow_trading_logger", "msg": "📊 Shadow trade kirjattu: MOCK3 (score: 0.73)"}
{"level": "INFO", "ts": "2025-09-20T09:56:00", "logger": "hybrid_trading_bot", "msg": "✅ Burn-in: Hot candidates/h = 12.0 >= 2.0 (kriteeri täyttyy)"}
{"level": "INFO", "ts": "2025-09-20T09:56:00", "logger": "hybrid_trading_bot", "msg": "✅ Burn-in: P95 cycle = 0.02s <= 3.0s (kriteeri täyttyy)"}
{"level": "INFO", "ts": "2025-09-20T09:56:00", "logger": "hybrid_trading_bot", "msg": "🔍 Live-kauppa gate: hot_candidates=True, api_health=True, source_health=True, drawdown=True -> True"}
{"level": "INFO", "ts": "2025-09-20T09:56:00", "logger": "__main__", "msg": "Cycle completed"}
{"level": "INFO", "ts": "2025-09-20T09:56:00", "logger": "__main__", "msg": "✅ Sykli #4 valmis"}
CYCLE_END cycle_id=4 hot=3 tokens=5
{"level": "INFO", "ts": "2025-09-20T09:56:00", "logger": "__main__", "msg": "{\"evt\": \"cycle_end\", \"result\": \"success\", \"run_id\": \"run_20250920_095316_d6b10f92\", \"cycle_id\": 4, \"tokens\": 5, \"hot\": 3}"}
{"level": "INFO", "ts": "2025-09-20T09:56:00", "logger": "__main__", "msg": "⏰ Odotetaan 60.0 sekuntia ennen seuraavaa sykliä..."}
